<?xml version="1.0" encoding="UTF-8"?>
<testng-results ignored="0" total="1" passed="1" failed="0" skipped="0">
  <reporter-output>
  </reporter-output>
  <suite started-at="2023-05-10T16:41:57 IST" name="Default suite" finished-at="2023-05-10T16:42:13 IST" duration-ms="16288">
    <groups>
    </groups>
    <test started-at="2023-05-10T16:41:57 IST" name="Default test" finished-at="2023-05-10T16:42:13 IST" duration-ms="16288">
      <class name="org.tekelekautomation.AppiumBasics">
        <test-method is-config="true" signature="ConfigureAppium()[pri:0, instance:org.tekelekautomation.AppiumBasics@12468a38]" started-at="2023-05-10T16:41:57 IST" name="ConfigureAppium" finished-at="2023-05-10T16:42:09 IST" duration-ms="12262" status="PASS">
          <reporter-output>
          </reporter-output>
        </test-method> <!-- ConfigureAppium -->
        <test-method signature="AppiumTestLogIn()[pri:0, instance:org.tekelekautomation.AppiumBasics@12468a38]" started-at="2023-05-10T16:42:09 IST" name="AppiumTestLogIn" finished-at="2023-05-10T16:42:12 IST" duration-ms="3229" status="PASS">
          <reporter-output>
          </reporter-output>
        </test-method> <!-- AppiumTestLogIn -->
        <test-method is-config="true" signature="tearDownn()[pri:0, instance:org.tekelekautomation.AppiumBasics@12468a38]" started-at="2023-05-10T16:42:12 IST" name="tearDownn" finished-at="2023-05-10T16:42:13 IST" duration-ms="727" status="PASS">
          <reporter-output>
          </reporter-output>
        </test-method> <!-- tearDownn -->
      </class> <!-- org.tekelekautomation.AppiumBasics -->
    </test> <!-- Default test -->
  </suite> <!-- Default suite -->
</testng-results>
